make.exe all --print-data-base --no-builtin-variables --no-builtin-rules --question
make.exe: *** No rule to make target 'src/*.c', needed by 'all'.  Stop.
 
# GNU Make 4.2.1
# Built for Windows32
# Copyright (C) 1988-2016 Free Software Foundation, Inc.
# License GPLv3+: GNU GPL version 3 or later <http://gnu.org/licenses/gpl.html>
# This is free software: you are free to change and redistribute it.
# There is NO WARRANTY, to the extent permitted by law.

# Make data base, printed on Tue Jul 13 09:33:28 2021

# Variables

# 'override' directive
GNUMAKEFLAGS := 
# automatic
<D = $(patsubst %/,%,$(patsubst %\,%,$(dir $<)))
# automatic
?F = $(notdir $?)
# default
.SHELLFLAGS := -c
# makefile (from 'Makefile', line 5)
SRC = mycode.c src/*.c
# makefile
MAKEFLAGS = pqrR
# environment
VSCODE_LOG_NATIVE = false
# automatic
?D = $(patsubst %/,%,$(patsubst %\,%,$(dir $?)))
# automatic
@D = $(patsubst %/,%,$(patsubst %\,%,$(dir $@)))
# environment
HOMEDRIVE = C:
# automatic
@F = $(notdir $@)
# automatic
^D = $(patsubst %/,%,$(patsubst %\,%,$(dir $^)))
# makefile
CURDIR := c:/Miniproject_1
# default
SHELL := sh.exe
# makefile (from 'Makefile', line 26)
RM = del /q
# environment
WINDIR = C:\WINDOWS
# environment
VSCODE_NLS_CONFIG = {"locale":"en-us","availableLanguages":{},"_languagePackSupport":true}
# environment
VBOX_MSI_INSTALL_PATH = C:\Program Files\Oracle\VirtualBox\
# makefile (from 'Makefile', line 3)
CFLAGS = -Wall -g
# environment
ONEDRIVE = C:\Users\karan\OneDrive
# environment
PATHEXT = .COM;.EXE;.BAT;.CMD;.VBS;.VBE;.JS;.JSE;.WSF;.WSH;.MSC
# makefile (from 'Makefile', line 1)
MAKEFILE_LIST :=  Makefile
# environment
FPS_BROWSER_USER_PROFILE_STRING = Default
# environment
TMP = C:\Users\karan\AppData\Local\Temp
# environment
VSCODE_VERBOSE_LOGGING = true
# environment
PROGRAMW6432 = C:\Program Files
# environment
PROGRAMDATA = C:\ProgramData
# environment
VSCODE_IPC_HOOK_EXTHOST = \\.\pipe\vscode-ipc-b9961578-4aeb-451b-a159-68665179e809-sock
# environment
VSCODE_CWD = C:\Users\karan\AppData\Local\Programs\Microsoft VS Code
# makefile (from 'Makefile', line 19)
TEST_SRC = src/*c test/test_cricketboardscore.c unity/unity.c 
# default
MAKE_HOST := Windows32
# environment
PATH = C:\ProgramData\Oracle\Java\javapath;C:\Program Files (x86)\Intel\iCLS Client\;C:\Program Files\Intel\iCLS Client\;C:\WINDOWS\system32;C:\WINDOWS;C:\WINDOWS\System32\Wbem;C:\WINDOWS\System32\WindowsPowerShell\v1.0\;C:\Program Files (x86)\Intel\Intel(R) Management Engine Components\DAL;C:\Program Files\Intel\Intel(R) Management Engine Components\DAL;C:\Program Files (x86)\Intel\Intel(R) Management Engine Components\IPT;C:\Program Files\Intel\Intel(R) Management Engine Components\IPT;C:\Program Files\MATLAB\MATLAB Production Server\R2015a\runtime\win64;C:\Program Files\MATLAB\MATLAB Production Server\R2015a\bin;C:\Users\karan\Downloads\R2013a\karan mat\runtime\win64;C:\Users\karan\Downloads\R2013a\karan mat\bin;C:\Users\karan\Downloads\R2013a\Crack\runtime\win64;C:\Users\karan\Downloads\R2013a\Crack\bin;C:\Program Files\MATLAB\MATLAB Production Server\R2015a\polyspace\bin;C:\Program Files\Java\jdk1.8.0_131\bin;C:\Program Files\Java\jre1.8.0_131\bin;C:\Program Files\Git\cmd;C:\Users\karan\AppData\Local\Microsoft\WindowsApps;C:\Users\karan\AppData\Local\Programs\Microsoft VS Code\bin;C:\MinGW\bin;
# environment
ONLINESERVICES = Online Services
# makefile (from 'Makefile', line 23)
TEST_OUTPUT = $(BUILD_DIR)/Test_$(TEST_PROJ_NAME).$(EXEC)
# environment
COMMONPROGRAMW6432 = C:\Program Files\Common Files
# environment
PROCESSOR_ARCHITECTURE = AMD64
# environment
USERPROFILE = C:\Users\karan
# environment
ALLUSERSPROFILE = C:\ProgramData
# environment
VSCODE_LOG_STACK = false
# environment
NUMBER_OF_PROCESSORS = 4
# environment
ELECTRON_RUN_AS_NODE = 1
# default
.FEATURES := target-specific order-only second-expansion else-if shortest-stem undefine oneshell archives jobserver output-sync load
# automatic
%F = $(notdir $%)
# makefile (from 'Makefile', line 27)
FixPath = $(subst /,\,$1)
# environment
CHROME_CRASHPAD_PIPE_NAME = \\.\pipe\crashpad_13340_GACEBDMRROKOJLZG
# environment
VSCODE_PIPE_LOGGING = true
# environment
COMPUTERNAME = LAPTOP-TOLSUP5U
# environment
PROGRAMFILES = C:\Program Files
# default
.LOADED := 
# environment
ORIGINAL_XDG_CURRENT_DESKTOP = undefined
# environment
USERNAME = karan
# environment
PUBLIC = C:\Users\Public
# environment
VSCODE_AMD_ENTRYPOINT = vs/workbench/services/extensions/node/extensionHostProcess
# makefile (from 'Makefile', line 1)
TEST_PROJ_NAME = Cricket_Board_Management_System
# environment
VSCODE_CODE_CACHE_PATH = C:\Users\karan\AppData\Roaming\Code\CachedData\2d23c42a936db1c7b3b06f918cde29561cc47cd6
# environment
APPLICATION_INSIGHTS_NO_DIAGNOSTIC_CHANNEL = true
# environment
COMMONPROGRAMFILES = C:\Program Files\Common Files
# environment
LOGONSERVER = \\LAPTOP-TOLSUP5U
# environment
VSCODE_HANDLES_UNCAUGHT_ERRORS = true
# environment
USERDOMAIN = LAPTOP-TOLSUP5U
# environment
MAKELEVEL := 0
# default
MAKE = $(MAKE_COMMAND)
# default
MAKECMDGOALS := all
# makefile (from 'Makefile', line 2)
BUILD_DIR = Build
# makefile (from 'Makefile', line 28)
EXEC = exe
# default
MAKE_VERSION := 4.2.1
# makefile
.DEFAULT_GOAL := Build
# makefile (from 'Makefile', line 14)
INC_TEST = -Iinc -Iunity
# environment
PROGRAMFILES(X86) = C:\Program Files (x86)
# automatic
%D = $(patsubst %/,%,$(patsubst %\,%,$(dir $%)))
# environment
LOCALAPPDATA = C:\Users\karan\AppData\Local
# environment
PSMODULEPATH = C:\Program Files\WindowsPowerShell\Modules;C:\WINDOWS\system32\WindowsPowerShell\v1.0\Modules
# default
MAKE_COMMAND := make.exe
# makefile (from 'Makefile', line 8)
INC = inc
# default
.VARIABLES := 
# automatic
*F = $(notdir $*)
# environment
PROCESSOR_IDENTIFIER = Intel64 Family 6 Model 78 Stepping 3, GenuineIntel
# environment
OS = Windows_NT
# environment
VSCODE_IPC_HOOK = \\.\pipe\ef2591d446e5cae8ab02096f8cb6d205-1.58.0-main-sock
# environment
HOMEPATH = \Users\karan
# environment
COMMONPROGRAMFILES(X86) = C:\Program Files (x86)\Common Files
# environment
PROMPT = $P$G
# environment
MFLAGS = -pqrR
# automatic
*D = $(patsubst %/,%,$(patsubst %\,%,$(dir $*)))
# environment
REGIONCODE = APJ
# environment
SYSTEMROOT = C:\WINDOWS
# automatic
+D = $(patsubst %/,%,$(patsubst %\,%,$(dir $+)))
# environment
PLATFORMCODE = KV
# automatic
+F = $(notdir $+)
# environment
APPDATA = C:\Users\karan\AppData\Roaming
# environment
TEMP = C:\Users\karan\AppData\Local\Temp
# environment
COMSPEC = C:\WINDOWS\system32\cmd.exe
# makefile (from 'Makefile', line 17)
OUTPUT = $(BUILD_DIR)/$(TEST_PROJ_NAME).$(EXEC)
# default
MAKEFILES := 
# environment
VSCODE_BROWSER_CODE_LOADING = bypassHeatCheck
# automatic
<F = $(notdir $<)
# environment
LC_ALL = C
# automatic
^F = $(notdir $^)
# default
SUFFIXES := 
# environment
SYSTEMDRIVE = C:
# environment
SESSIONNAME = Console
# environment
PROCESSOR_REVISION = 4e03
# default
.INCLUDE_DIRS = .
# default
.RECIPEPREFIX := 
# environment
LANG = C
# environment
PROCESSOR_LEVEL = 6
# environment
FPS_BROWSER_APP_PROFILE_STRING = Internet Explorer
# environment
VSCODE_PID = 13340
# environment
USERDOMAIN_ROAMINGPROFILE = LAPTOP-TOLSUP5U
# variable set hash-table stats:
# Load=109/1024=11%, Rehash=0, Collisions=16/137=12%

# Pattern-specific Variable Values

# No pattern-specific variable values.

# Directories

# . (key c:/Miniproject_1, mtime 1626142000): 13 files, no impossibilities.
# src: could not be stat'd.

# 13 files, no impossibilities in 2 directories.

# Implicit Rules

# No implicit rules.

# Files

all: mycode.c src/*.c Build
#  Command line target.
#  Implicit rule search has not been done.
#  File does not exist.
#  File has not been updated.
#  recipe to execute (from 'Makefile', line 38):
	gcc -I $(INC) $(SRC) -o $(call FixPath,$(OUTPUT)) 

coverageCheck: Build
#  Implicit rule search has not been done.
#  Modification time never checked.
#  File has not been updated.
#  recipe to execute (from 'Makefile', line 50):
	g++ -fprofile-arcs -ftest-coverage -fPIC -O0 $(SRC) $(INC_TEST) -o $(OUTPUT)
	./$(OUTPUT)

# Not a target:
Makefile:
#  Implicit rule search has been done.
#  Last modified 2021-07-13 09:32:56
#  File has been updated.
#  Successfully updated.

test: Build
#  Implicit rule search has not been done.
#  Modification time never checked.
#  File has not been updated.
#  recipe to execute (from 'Makefile', line 54):
	gcc $(TEST_SRC) $(INC_TEST) -o $(TEST_OUTPUT)
	./$(TEST_OUTPUT)

Build:
#  Implicit rule search has not been done.
#  Modification time never checked.
#  File has not been updated.
#  recipe to execute (from 'Makefile', line 12):
	mkdir $(BUILD_DIR)

# Not a target:
.DEFAULT:
#  Implicit rule search has not been done.
#  Modification time never checked.
#  File has not been updated.

run: all
#  Implicit rule search has not been done.
#  Modification time never checked.
#  File has not been updated.
#  recipe to execute (from 'Makefile', line 41):
	$(call FixPath,$(OUTPUT))

clean:
#  Implicit rule search has not been done.
#  Modification time never checked.
#  File has not been updated.
#  recipe to execute (from 'Makefile', line 44):
	$(RM) $(call FixPath,$(BUILD_DIR)/*)

# Not a target:
mycode.c:
#  Implicit rule search has been done.
#  Last modified 2021-07-13 07:36:40
#  File has been updated.
#  Successfully updated.

# Not a target:
src/*.c:
#  Implicit rule search has been done.
#  File does not exist.
#  File has not been updated.

valgrind:
#  Implicit rule search has not been done.
#  Modification time never checked.
#  File has not been updated.
#  recipe to execute (from 'Makefile', line 47):
	valgrind $(call FixPath,$(TEST_OUTPUT))

# fil 
es hash-table stats:
# Load=12/1024=1%, Rehash=0, Collisions=0/29=0%
# VPATH Search Paths

# No 'vpath' search paths.

# No general ('VPATH' variable) search path.

# strcache buffers: 1 (0) / strings = 24 / storage = 195 B / avg = 8 B
# current buf: size = 8162 B / used = 195 B / count = 24 / avg = 8 B

# strcache performance: lookups = 41 / hit rate = 41%
# hash-table stats:
# Load=24/8192=0%, Rehash=0, Collisions=1/41=2%
# Finished Make data base on Tue Jul 13 09:33:28 2021

 
